<?xml version="1.0" encoding="UTF-8"?>
<!-- Generated by org.testng.reporters.JUnitXMLReporter -->
<testsuite ignored="0" hostname="Zafrins-MacBook-Air.local" failures="0" tests="3" name="Default test" time="18.023" errors="0" timestamp="2025-08-25T22:10:34 GMT+06:00">
  <testcase classname="com.automation.tests.LoginTest" name="testLoginWithInvalidPassword" time="3.397"/>
  <testcase classname="com.automation.tests.LoginTest" name="testLoginWithInvalidEmail" time="3.331"/>
  <testcase classname="com.automation.tests.LoginTest" name="testLoginWithValidCredentials" time="5.143"/>
</testsuite> <!-- Default test -->
