<?xml version="1.0" encoding="UTF-8"?>
<!-- Generated by org.testng.reporters.JUnitXMLReporter -->
<testsuite ignored="0" hostname="DESKTOP-MJESQKI" failures="1" tests="1" name="Firefox Tests" time="72.777" errors="0" timestamp="2025-04-17T15:24:24 BDT">
  <testcase classname="com.automation.tests.LoginTest" name="testLogin" time="46.087">
    <failure type="java.lang.AssertionError" message="Login should be successful for standard_user expected [true] but found [false]">
      <![CDATA[java.lang.AssertionError: Login should be successful for standard_user expected [true] but found [false]
at com.automation.tests.LoginTest.testLogin(LoginTest.java:26)
at java.base/java.util.ArrayList.forEach(ArrayList.java:1597)
... Removed 28 stack frames]]>
    </failure>
  </testcase> <!-- testLogin -->
</testsuite> <!-- Firefox Tests -->
